<?xml version="1.0" encoding="UTF-8"?>
<!-- Generated by org.testng.reporters.JUnitXMLReporter -->
<testsuite ignored="0" hostname="LIE-5CG9343RYC" failures="1" tests="6" name="Test" time="37.114" errors="0" timestamp="2021-06-08T10:16:14 IST">
  <testcase classname="io.cucumber.testng.AbstractTestNGCucumberTests" name="runScenario" time="0.421">
    <failure type="io.cucumber.testng.UndefinedStepException" message="There were 6 undefined steps
The step &amp;quot;KBC page open&amp;quot; is undefined. You can implement it using the snippet(s) below:

@Given(&amp;quot;KBC page open&amp;quot;)
public void kbc_page_open() {
    // Write code here that turns the phrase above into concrete actions
    throw new io.cucumber.java.PendingException();
}

The step &amp;quot;Select KBC Mortgage tag&amp;quot; is undefined. You can implement it using the snippet(s) below:

@Given(&amp;quot;Select KBC Mortgage tag&amp;quot;)
public void select_kbc_mortgage_tag() {
    // Write code here that turns the phrase above into concrete actions
    throw new io.cucumber.java.PendingException();
}

The step &amp;quot;Click on Started Button&amp;quot; is undefined. You can implement it using the snippet(s) below:

@Given(&amp;quot;Click on Started Button&amp;quot;)
public void click_on_started_button() {
    // Write code here that turns the phrase above into concrete actions
    throw new io.cucumber.java.PendingException();
}

The step &amp;quot;navigate to selection applicants&amp;quot; is undefined. You can implement it using the snippet(s) below:

@When(&amp;quot;navigate to selection applicants&amp;quot;)
public void navigate_to_selection_applicants() {
    // Write code here that turns the phrase above into concrete actions
    throw new io.cucumber.java.PendingException();
}

The step &amp;quot;select numbers of applicants&amp;quot; is undefined. You can implement it using the snippet(s) below:

@When(&amp;quot;select numbers of applicants&amp;quot;)
public void select_numbers_of_applicants() {
    // Write code here that turns the phrase above into concrete actions
    throw new io.cucumber.java.PendingException();
}

The step &amp;quot;Click Next Button on Page&amp;quot; is undefined. You can implement it using the snippet(s) below:

@Then(&amp;quot;Click Next Button on Page&amp;quot;)
public void click_next_button_on_page() {
    // Write code here that turns the phrase above into concrete actions
    throw new io.cucumber.java.PendingException();
}
">
      <![CDATA[io.cucumber.testng.UndefinedStepException: There were 6 undefined steps
The step "KBC page open" is undefined. You can implement it using the snippet(s) below:

@Given("KBC page open")
public void kbc_page_open() {
    // Write code here that turns the phrase above into concrete actions
    throw new io.cucumber.java.PendingException();
}

The step "Select KBC Mortgage tag" is undefined. You can implement it using the snippet(s) below:

@Given("Select KBC Mortgage tag")
public void select_kbc_mortgage_tag() {
    // Write code here that turns the phrase above into concrete actions
    throw new io.cucumber.java.PendingException();
}

The step "Click on Started Button" is undefined. You can implement it using the snippet(s) below:

@Given("Click on Started Button")
public void click_on_started_button() {
    // Write code here that turns the phrase above into concrete actions
    throw new io.cucumber.java.PendingException();
}

The step "navigate to selection applicants" is undefined. You can implement it using the snippet(s) below:

@When("navigate to selection applicants")
public void navigate_to_selection_applicants() {
    // Write code here that turns the phrase above into concrete actions
    throw new io.cucumber.java.PendingException();
}

The step "select numbers of applicants" is undefined. You can implement it using the snippet(s) below:

@When("select numbers of applicants")
public void select_numbers_of_applicants() {
    // Write code here that turns the phrase above into concrete actions
    throw new io.cucumber.java.PendingException();
}

The step "Click Next Button on Page" is undefined. You can implement it using the snippet(s) below:

@Then("Click Next Button on Page")
public void click_next_button_on_page() {
    // Write code here that turns the phrase above into concrete actions
    throw new io.cucumber.java.PendingException();
}

at io.cucumber.core.runtime.TestCaseResultObserver.assertTestCasePassed(TestCaseResultObserver.java:69)
at io.cucumber.testng.TestCaseResultObserver.assertTestCasePassed(TestCaseResultObserver.java:23)
at io.cucumber.testng.TestNGCucumberRunner.lambda$runScenario$0(TestNGCucumberRunner.java:117)
at io.cucumber.core.runtime.CucumberExecutionContext.runTestCase(CucumberExecutionContext.java:117)
at io.cucumber.testng.TestNGCucumberRunner.runScenario(TestNGCucumberRunner.java:113)
at io.cucumber.testng.AbstractTestNGCucumberTests.runScenario(AbstractTestNGCucumberTests.java:31)
at java.base/java.util.concurrent.FutureTask.run(FutureTask.java:264)
at java.base/java.util.concurrent.Executors$RunnableAdapter.call(Executors.java:515)
at java.base/java.util.concurrent.FutureTask.run(FutureTask.java:264)
at java.base/java.util.concurrent.ThreadPoolExecutor.runWorker(ThreadPoolExecutor.java:1130)
at java.base/java.util.concurrent.ThreadPoolExecutor$Worker.run(ThreadPoolExecutor.java:630)
at java.base/java.lang.Thread.run(Thread.java:832)
... Removed 9 stack frames]]>
    </failure>
  </testcase> <!-- runScenario -->
  <testcase classname="io.cucumber.testng.AbstractTestNGCucumberTests" name="runScenario" time="22.566"/>
  <testcase classname="io.cucumber.testng.AbstractTestNGCucumberTests" name="runScenario" time="22.986"/>
  <testcase classname="io.cucumber.testng.AbstractTestNGCucumberTests" name="runScenario" time="23.012"/>
  <testcase classname="io.cucumber.testng.AbstractTestNGCucumberTests" name="runScenario" time="26.572"/>
  <testcase classname="io.cucumber.testng.AbstractTestNGCucumberTests" name="runScenario" time="35.331"/>
</testsuite> <!-- Test -->
