<?xml version="1.0" encoding="UTF-8"?>
<!-- Generated by org.testng.reporters.JUnitReportReporter -->
<testsuite hostname="LIE-5CG9343RYC" failures="0" tests="6" name="StepDefinitions.TestRunner" time="130.888" errors="1" timestamp="2021-06-08T10:16:15 IST" skipped="0">
  <testcase classname="StepDefinitions.TestRunner" name="runScenario" time="23.012"/>
  <system-out/>
  <testcase classname="StepDefinitions.TestRunner" name="runScenario" time="0.421">
    <error message="There were 6 undefined steps
The step &quot;KBC page open&quot; is undefined. You can implement it using the snippet(s) below:

@Given(&quot;KBC page open&quot;)
public void kbc_page_open() {
    // Write code here that turns the phrase above into concrete actions
    throw new io.cucumber.java.PendingException();
}

The step &quot;Select KBC Mortgage tag&quot; is undefined. You can implement it using the snippet(s) below:

@Given(&quot;Select KBC Mortgage tag&quot;)
public void select_kbc_mortgage_tag() {
    // Write code here that turns the phrase above into concrete actions
    throw new io.cucumber.java.PendingException();
}

The step &quot;Click on Started Button&quot; is undefined. You can implement it using the snippet(s) below:

@Given(&quot;Click on Started Button&quot;)
public void click_on_started_button() {
    // Write code here that turns the phrase above into concrete actions
    throw new io.cucumber.java.PendingException();
}

The step &quot;navigate to selection applicants&quot; is undefined. You can implement it using the snippet(s) below:

@When(&quot;navigate to selection applicants&quot;)
public void navigate_to_selection_applicants() {
    // Write code here that turns the phrase above into concrete actions
    throw new io.cucumber.java.PendingException();
}

The step &quot;select numbers of applicants&quot; is undefined. You can implement it using the snippet(s) below:

@When(&quot;select numbers of applicants&quot;)
public void select_numbers_of_applicants() {
    // Write code here that turns the phrase above into concrete actions
    throw new io.cucumber.java.PendingException();
}

The step &quot;Click Next Button on Page&quot; is undefined. You can implement it using the snippet(s) below:

@Then(&quot;Click Next Button on Page&quot;)
public void click_next_button_on_page() {
    // Write code here that turns the phrase above into concrete actions
    throw new io.cucumber.java.PendingException();
}
" type="io.cucumber.testng.UndefinedStepException">
      <![CDATA[io.cucumber.testng.UndefinedStepException: There were 6 undefined steps
The step "KBC page open" is undefined. You can implement it using the snippet(s) below:

@Given("KBC page open")
public void kbc_page_open() {
    // Write code here that turns the phrase above into concrete actions
    throw new io.cucumber.java.PendingException();
}

The step "Select KBC Mortgage tag" is undefined. You can implement it using the snippet(s) below:

@Given("Select KBC Mortgage tag")
public void select_kbc_mortgage_tag() {
    // Write code here that turns the phrase above into concrete actions
    throw new io.cucumber.java.PendingException();
}

The step "Click on Started Button" is undefined. You can implement it using the snippet(s) below:

@Given("Click on Started Button")
public void click_on_started_button() {
    // Write code here that turns the phrase above into concrete actions
    throw new io.cucumber.java.PendingException();
}

The step "navigate to selection applicants" is undefined. You can implement it using the snippet(s) below:

@When("navigate to selection applicants")
public void navigate_to_selection_applicants() {
    // Write code here that turns the phrase above into concrete actions
    throw new io.cucumber.java.PendingException();
}

The step "select numbers of applicants" is undefined. You can implement it using the snippet(s) below:

@When("select numbers of applicants")
public void select_numbers_of_applicants() {
    // Write code here that turns the phrase above into concrete actions
    throw new io.cucumber.java.PendingException();
}

The step "Click Next Button on Page" is undefined. You can implement it using the snippet(s) below:

@Then("Click Next Button on Page")
public void click_next_button_on_page() {
    // Write code here that turns the phrase above into concrete actions
    throw new io.cucumber.java.PendingException();
}

at io.cucumber.core.runtime.TestCaseResultObserver.assertTestCasePassed(TestCaseResultObserver.java:69)
at io.cucumber.testng.TestCaseResultObserver.assertTestCasePassed(TestCaseResultObserver.java:23)
at io.cucumber.testng.TestNGCucumberRunner.lambda$runScenario$0(TestNGCucumberRunner.java:117)
at io.cucumber.core.runtime.CucumberExecutionContext.runTestCase(CucumberExecutionContext.java:117)
at io.cucumber.testng.TestNGCucumberRunner.runScenario(TestNGCucumberRunner.java:113)
at io.cucumber.testng.AbstractTestNGCucumberTests.runScenario(AbstractTestNGCucumberTests.java:31)
at java.base/jdk.internal.reflect.NativeMethodAccessorImpl.invoke0(Native Method)
at java.base/jdk.internal.reflect.NativeMethodAccessorImpl.invoke(NativeMethodAccessorImpl.java:64)
at java.base/jdk.internal.reflect.DelegatingMethodAccessorImpl.invoke(DelegatingMethodAccessorImpl.java:43)
at java.base/java.lang.reflect.Method.invoke(Method.java:564)
at org.testng.internal.MethodInvocationHelper.invokeMethod(MethodInvocationHelper.java:134)
at org.testng.internal.TestInvoker.invokeMethod(TestInvoker.java:597)
at org.testng.internal.TestInvoker.invokeTestMethod(TestInvoker.java:173)
at org.testng.internal.TestMethodWithDataProviderMethodWorker.call(TestMethodWithDataProviderMethodWorker.java:77)
at org.testng.internal.TestMethodWithDataProviderMethodWorker.call(TestMethodWithDataProviderMethodWorker.java:15)
at java.base/java.util.concurrent.FutureTask.run(FutureTask.java:264)
at java.base/java.util.concurrent.Executors$RunnableAdapter.call(Executors.java:515)
at java.base/java.util.concurrent.FutureTask.run(FutureTask.java:264)
at java.base/java.util.concurrent.ThreadPoolExecutor.runWorker(ThreadPoolExecutor.java:1130)
at java.base/java.util.concurrent.ThreadPoolExecutor$Worker.run(ThreadPoolExecutor.java:630)
at java.base/java.lang.Thread.run(Thread.java:832)
]]>
    </error>
  </testcase> <!-- runScenario -->
  <system-out/>
  <testcase classname="StepDefinitions.TestRunner" name="runScenario" time="22.566"/>
  <system-out/>
  <testcase classname="StepDefinitions.TestRunner" name="runScenario" time="22.986"/>
  <system-out/>
  <testcase classname="StepDefinitions.TestRunner" name="runScenario" time="26.572"/>
  <system-out/>
  <testcase classname="StepDefinitions.TestRunner" name="runScenario" time="35.331"/>
  <system-out/>
</testsuite> <!-- StepDefinitions.TestRunner -->
